mode: set
fulcrumproject.org/core/cmd/fulcrum/main.go:14.13,18.16 3 0
fulcrumproject.org/core/cmd/fulcrum/main.go:18.16,20.3 1 0
fulcrumproject.org/core/cmd/fulcrum/main.go:23.2,42.58 12 0
fulcrumproject.org/core/cmd/fulcrum/main.go:42.58,44.3 1 0
fulcrumproject.org/core/cmd/fulcrum/main.go:47.2,47.40 1 0
fulcrumproject.org/core/cmd/fulcrum/main.go:47.40,59.3 4 0
fulcrumproject.org/core/cmd/fulcrum/main.go:62.2,63.56 2 0
fulcrumproject.org/core/cmd/fulcrum/main.go:63.56,65.3 1 0
fulcrumproject.org/core/internal/api/agent.go:16.65,18.2 1 0
fulcrumproject.org/core/internal/api/agent.go:20.44,33.2 10 0
fulcrumproject.org/core/internal/api/agent.go:35.71,45.63 2 0
fulcrumproject.org/core/internal/api/agent.go:45.63,48.3 2 0
fulcrumproject.org/core/internal/api/agent.go:50.2,58.16 2 0
fulcrumproject.org/core/internal/api/agent.go:58.16,61.3 2 0
fulcrumproject.org/core/internal/api/agent.go:63.2,63.58 1 0
fulcrumproject.org/core/internal/api/agent.go:63.58,66.3 2 0
fulcrumproject.org/core/internal/api/agent.go:68.2,69.34 2 0
fulcrumproject.org/core/internal/api/agent.go:72.68,74.16 2 0
fulcrumproject.org/core/internal/api/agent.go:74.16,77.3 2 0
fulcrumproject.org/core/internal/api/agent.go:79.2,80.16 2 0
fulcrumproject.org/core/internal/api/agent.go:80.16,81.32 1 0
fulcrumproject.org/core/internal/api/agent.go:81.32,84.4 2 0
fulcrumproject.org/core/internal/api/agent.go:85.3,86.9 2 0
fulcrumproject.org/core/internal/api/agent.go:89.2,89.34 1 0
fulcrumproject.org/core/internal/api/agent.go:92.71,94.16 2 0
fulcrumproject.org/core/internal/api/agent.go:94.16,97.3 2 0
fulcrumproject.org/core/internal/api/agent.go:99.2,106.63 2 0
fulcrumproject.org/core/internal/api/agent.go:106.63,109.3 2 0
fulcrumproject.org/core/internal/api/agent.go:111.2,112.16 2 0
fulcrumproject.org/core/internal/api/agent.go:112.16,113.32 1 0
fulcrumproject.org/core/internal/api/agent.go:113.32,116.4 2 0
fulcrumproject.org/core/internal/api/agent.go:117.3,118.9 2 0
fulcrumproject.org/core/internal/api/agent.go:121.2,123.29 3 0
fulcrumproject.org/core/internal/api/agent.go:123.29,125.17 2 0
fulcrumproject.org/core/internal/api/agent.go:125.17,128.4 2 0
fulcrumproject.org/core/internal/api/agent.go:129.3,129.27 1 0
fulcrumproject.org/core/internal/api/agent.go:131.2,131.29 1 0
fulcrumproject.org/core/internal/api/agent.go:131.29,133.17 2 0
fulcrumproject.org/core/internal/api/agent.go:133.17,136.4 2 0
fulcrumproject.org/core/internal/api/agent.go:137.3,137.27 1 0
fulcrumproject.org/core/internal/api/agent.go:140.2,140.58 1 0
fulcrumproject.org/core/internal/api/agent.go:140.58,143.3 2 0
fulcrumproject.org/core/internal/api/agent.go:145.2,145.34 1 0
fulcrumproject.org/core/internal/api/agent.go:148.71,150.16 2 0
fulcrumproject.org/core/internal/api/agent.go:150.16,153.3 2 0
fulcrumproject.org/core/internal/api/agent.go:155.2,155.55 1 0
fulcrumproject.org/core/internal/api/agent.go:155.55,156.32 1 0
fulcrumproject.org/core/internal/api/agent.go:156.32,159.4 2 0
fulcrumproject.org/core/internal/api/agent.go:160.3,161.9 2 0
fulcrumproject.org/core/internal/api/agent.go:164.2,164.37 1 0
fulcrumproject.org/core/internal/api/agent.go:167.69,169.16 2 0
fulcrumproject.org/core/internal/api/agent.go:169.16,172.3 2 0
fulcrumproject.org/core/internal/api/agent.go:174.2,174.35 1 0
fulcrumproject.org/core/internal/api/agent.go:177.79,179.16 2 0
fulcrumproject.org/core/internal/api/agent.go:179.16,182.3 2 0
fulcrumproject.org/core/internal/api/agent.go:184.2,185.16 2 0
fulcrumproject.org/core/internal/api/agent.go:185.16,188.3 2 0
fulcrumproject.org/core/internal/api/agent.go:190.2,190.35 1 0
fulcrumproject.org/core/internal/api/agent.go:193.80,195.16 2 0
fulcrumproject.org/core/internal/api/agent.go:195.16,198.3 2 0
fulcrumproject.org/core/internal/api/agent.go:200.2,201.16 2 0
fulcrumproject.org/core/internal/api/agent.go:201.16,204.3 2 0
fulcrumproject.org/core/internal/api/agent.go:206.2,206.35 1 0
fulcrumproject.org/core/internal/api/agent.go:209.76,211.16 2 0
fulcrumproject.org/core/internal/api/agent.go:211.16,214.3 2 0
fulcrumproject.org/core/internal/api/agent.go:216.2,220.63 2 0
fulcrumproject.org/core/internal/api/agent.go:220.63,223.3 2 0
fulcrumproject.org/core/internal/api/agent.go:225.2,225.73 1 0
fulcrumproject.org/core/internal/api/agent.go:225.73,226.32 1 0
fulcrumproject.org/core/internal/api/agent.go:226.32,229.4 2 0
fulcrumproject.org/core/internal/api/agent.go:230.3,231.9 2 0
fulcrumproject.org/core/internal/api/agent.go:234.2,234.30 1 0
fulcrumproject.org/core/internal/api/agent_type.go:16.77,18.2 1 0
fulcrumproject.org/core/internal/api/agent_type.go:20.48,33.2 10 0
fulcrumproject.org/core/internal/api/agent_type.go:35.75,40.63 2 0
fulcrumproject.org/core/internal/api/agent_type.go:40.63,43.3 2 0
fulcrumproject.org/core/internal/api/agent_type.go:45.2,46.16 2 0
fulcrumproject.org/core/internal/api/agent_type.go:46.16,49.3 2 0
fulcrumproject.org/core/internal/api/agent_type.go:51.2,51.62 1 0
fulcrumproject.org/core/internal/api/agent_type.go:51.62,54.3 2 0
fulcrumproject.org/core/internal/api/agent_type.go:56.2,57.38 2 0
fulcrumproject.org/core/internal/api/agent_type.go:60.72,62.16 2 0
fulcrumproject.org/core/internal/api/agent_type.go:62.16,65.3 2 0
fulcrumproject.org/core/internal/api/agent_type.go:67.2,68.16 2 0
fulcrumproject.org/core/internal/api/agent_type.go:68.16,69.32 1 0
fulcrumproject.org/core/internal/api/agent_type.go:69.32,72.4 2 0
fulcrumproject.org/core/internal/api/agent_type.go:73.3,74.9 2 0
fulcrumproject.org/core/internal/api/agent_type.go:77.2,77.38 1 0
fulcrumproject.org/core/internal/api/agent_type.go:80.75,82.16 2 0
fulcrumproject.org/core/internal/api/agent_type.go:82.16,85.3 2 0
fulcrumproject.org/core/internal/api/agent_type.go:87.2,91.63 2 0
fulcrumproject.org/core/internal/api/agent_type.go:91.63,94.3 2 0
fulcrumproject.org/core/internal/api/agent_type.go:96.2,97.16 2 0
fulcrumproject.org/core/internal/api/agent_type.go:97.16,98.32 1 0
fulcrumproject.org/core/internal/api/agent_type.go:98.32,101.4 2 0
fulcrumproject.org/core/internal/api/agent_type.go:102.3,103.9 2 0
fulcrumproject.org/core/internal/api/agent_type.go:106.2,108.62 2 0
fulcrumproject.org/core/internal/api/agent_type.go:108.62,111.3 2 0
fulcrumproject.org/core/internal/api/agent_type.go:113.2,113.38 1 0
fulcrumproject.org/core/internal/api/agent_type.go:116.75,118.16 2 0
fulcrumproject.org/core/internal/api/agent_type.go:118.16,121.3 2 0
fulcrumproject.org/core/internal/api/agent_type.go:123.2,123.55 1 0
fulcrumproject.org/core/internal/api/agent_type.go:123.55,124.32 1 0
fulcrumproject.org/core/internal/api/agent_type.go:124.32,127.4 2 0
fulcrumproject.org/core/internal/api/agent_type.go:128.3,129.9 2 0
fulcrumproject.org/core/internal/api/agent_type.go:132.2,132.37 1 0
fulcrumproject.org/core/internal/api/agent_type.go:135.73,137.16 2 0
fulcrumproject.org/core/internal/api/agent_type.go:137.16,140.3 2 0
fulcrumproject.org/core/internal/api/agent_type.go:142.2,142.39 1 0
fulcrumproject.org/core/internal/api/agent_type.go:145.86,147.16 2 0
fulcrumproject.org/core/internal/api/agent_type.go:147.16,150.3 2 0
fulcrumproject.org/core/internal/api/agent_type.go:152.2,153.16 2 0
fulcrumproject.org/core/internal/api/agent_type.go:153.16,156.3 2 0
fulcrumproject.org/core/internal/api/agent_type.go:158.2,158.39 1 0
fulcrumproject.org/core/internal/api/agent_type.go:161.83,163.16 2 0
fulcrumproject.org/core/internal/api/agent_type.go:163.16,166.3 2 0
fulcrumproject.org/core/internal/api/agent_type.go:168.2,169.16 2 0
fulcrumproject.org/core/internal/api/agent_type.go:169.16,172.3 2 0
fulcrumproject.org/core/internal/api/agent_type.go:174.2,174.87 1 0
fulcrumproject.org/core/internal/api/agent_type.go:174.87,175.32 1 0
fulcrumproject.org/core/internal/api/agent_type.go:175.32,178.4 2 0
fulcrumproject.org/core/internal/api/agent_type.go:179.3,180.9 2 0
fulcrumproject.org/core/internal/api/agent_type.go:183.2,183.30 1 0
fulcrumproject.org/core/internal/api/agent_type.go:186.86,188.16 2 0
fulcrumproject.org/core/internal/api/agent_type.go:188.16,191.3 2 0
fulcrumproject.org/core/internal/api/agent_type.go:193.2,194.16 2 0
fulcrumproject.org/core/internal/api/agent_type.go:194.16,197.3 2 0
fulcrumproject.org/core/internal/api/agent_type.go:199.2,199.90 1 0
fulcrumproject.org/core/internal/api/agent_type.go:199.90,200.32 1 0
fulcrumproject.org/core/internal/api/agent_type.go:200.32,203.4 2 0
fulcrumproject.org/core/internal/api/agent_type.go:204.3,205.9 2 0
fulcrumproject.org/core/internal/api/agent_type.go:208.2,208.30 1 0
fulcrumproject.org/core/internal/api/api.go:12.72,14.2 1 0
fulcrumproject.org/core/internal/api/api.go:16.76,18.16 2 0
fulcrumproject.org/core/internal/api/api.go:18.16,22.3 3 0
fulcrumproject.org/core/internal/api/api.go:24.2,26.19 3 0
fulcrumproject.org/core/internal/api/provider.go:16.74,18.2 1 0
fulcrumproject.org/core/internal/api/provider.go:20.47,32.2 9 0
fulcrumproject.org/core/internal/api/provider.go:34.74,41.63 2 0
fulcrumproject.org/core/internal/api/provider.go:41.63,44.3 2 0
fulcrumproject.org/core/internal/api/provider.go:46.2,47.16 2 0
fulcrumproject.org/core/internal/api/provider.go:47.16,50.3 2 0
fulcrumproject.org/core/internal/api/provider.go:52.2,52.61 1 0
fulcrumproject.org/core/internal/api/provider.go:52.61,55.3 2 0
fulcrumproject.org/core/internal/api/provider.go:57.2,58.37 2 0
fulcrumproject.org/core/internal/api/provider.go:61.71,63.16 2 0
fulcrumproject.org/core/internal/api/provider.go:63.16,66.3 2 0
fulcrumproject.org/core/internal/api/provider.go:68.2,69.16 2 0
fulcrumproject.org/core/internal/api/provider.go:69.16,70.32 1 0
fulcrumproject.org/core/internal/api/provider.go:70.32,73.4 2 0
fulcrumproject.org/core/internal/api/provider.go:74.3,75.9 2 0
fulcrumproject.org/core/internal/api/provider.go:78.2,78.37 1 0
fulcrumproject.org/core/internal/api/provider.go:81.74,83.16 2 0
fulcrumproject.org/core/internal/api/provider.go:83.16,86.3 2 0
fulcrumproject.org/core/internal/api/provider.go:88.2,94.63 2 0
fulcrumproject.org/core/internal/api/provider.go:94.63,97.3 2 0
fulcrumproject.org/core/internal/api/provider.go:99.2,100.16 2 0
fulcrumproject.org/core/internal/api/provider.go:100.16,101.32 1 0
fulcrumproject.org/core/internal/api/provider.go:101.32,104.4 2 0
fulcrumproject.org/core/internal/api/provider.go:105.3,106.9 2 0
fulcrumproject.org/core/internal/api/provider.go:109.2,111.29 3 0
fulcrumproject.org/core/internal/api/provider.go:111.29,113.17 2 0
fulcrumproject.org/core/internal/api/provider.go:113.17,116.4 2 0
fulcrumproject.org/core/internal/api/provider.go:117.3,117.30 1 0
fulcrumproject.org/core/internal/api/provider.go:120.2,120.61 1 0
fulcrumproject.org/core/internal/api/provider.go:120.61,123.3 2 0
fulcrumproject.org/core/internal/api/provider.go:125.2,125.37 1 0
fulcrumproject.org/core/internal/api/provider.go:128.74,130.16 2 0
fulcrumproject.org/core/internal/api/provider.go:130.16,133.3 2 0
fulcrumproject.org/core/internal/api/provider.go:135.2,135.55 1 0
fulcrumproject.org/core/internal/api/provider.go:135.55,136.32 1 0
fulcrumproject.org/core/internal/api/provider.go:136.32,139.4 2 0
fulcrumproject.org/core/internal/api/provider.go:140.3,141.9 2 0
fulcrumproject.org/core/internal/api/provider.go:144.2,144.37 1 0
fulcrumproject.org/core/internal/api/provider.go:147.72,149.16 2 0
fulcrumproject.org/core/internal/api/provider.go:149.16,152.3 2 0
fulcrumproject.org/core/internal/api/provider.go:154.2,154.38 1 0
fulcrumproject.org/core/internal/api/provider.go:157.81,161.16 3 0
fulcrumproject.org/core/internal/api/provider.go:161.16,164.3 2 0
fulcrumproject.org/core/internal/api/provider.go:166.2,166.38 1 0
fulcrumproject.org/core/internal/api/provider.go:169.79,171.16 2 0
fulcrumproject.org/core/internal/api/provider.go:171.16,174.3 2 0
fulcrumproject.org/core/internal/api/provider.go:176.2,180.63 2 0
fulcrumproject.org/core/internal/api/provider.go:180.63,183.3 2 0
fulcrumproject.org/core/internal/api/provider.go:185.2,185.73 1 0
fulcrumproject.org/core/internal/api/provider.go:185.73,186.32 1 0
fulcrumproject.org/core/internal/api/provider.go:186.32,189.4 2 0
fulcrumproject.org/core/internal/api/provider.go:190.3,191.9 2 0
fulcrumproject.org/core/internal/api/provider.go:194.2,194.30 1 0
fulcrumproject.org/core/internal/api/service_type.go:16.83,18.2 1 0
fulcrumproject.org/core/internal/api/service_type.go:20.50,32.2 9 0
fulcrumproject.org/core/internal/api/service_type.go:34.77,40.63 2 0
fulcrumproject.org/core/internal/api/service_type.go:40.63,43.3 2 0
fulcrumproject.org/core/internal/api/service_type.go:45.2,46.16 2 0
fulcrumproject.org/core/internal/api/service_type.go:46.16,49.3 2 0
fulcrumproject.org/core/internal/api/service_type.go:51.2,51.64 1 0
fulcrumproject.org/core/internal/api/service_type.go:51.64,54.3 2 0
fulcrumproject.org/core/internal/api/service_type.go:56.2,57.40 2 0
fulcrumproject.org/core/internal/api/service_type.go:60.74,62.16 2 0
fulcrumproject.org/core/internal/api/service_type.go:62.16,65.3 2 0
fulcrumproject.org/core/internal/api/service_type.go:67.2,68.16 2 0
fulcrumproject.org/core/internal/api/service_type.go:68.16,69.32 1 0
fulcrumproject.org/core/internal/api/service_type.go:69.32,72.4 2 0
fulcrumproject.org/core/internal/api/service_type.go:73.3,74.9 2 0
fulcrumproject.org/core/internal/api/service_type.go:77.2,77.40 1 0
fulcrumproject.org/core/internal/api/service_type.go:80.77,82.16 2 0
fulcrumproject.org/core/internal/api/service_type.go:82.16,85.3 2 0
fulcrumproject.org/core/internal/api/service_type.go:87.2,91.63 2 0
fulcrumproject.org/core/internal/api/service_type.go:91.63,94.3 2 0
fulcrumproject.org/core/internal/api/service_type.go:96.2,97.16 2 0
fulcrumproject.org/core/internal/api/service_type.go:97.16,98.32 1 0
fulcrumproject.org/core/internal/api/service_type.go:98.32,101.4 2 0
fulcrumproject.org/core/internal/api/service_type.go:102.3,103.9 2 0
fulcrumproject.org/core/internal/api/service_type.go:106.2,108.64 2 0
fulcrumproject.org/core/internal/api/service_type.go:108.64,111.3 2 0
fulcrumproject.org/core/internal/api/service_type.go:113.2,113.40 1 0
fulcrumproject.org/core/internal/api/service_type.go:116.77,118.16 2 0
fulcrumproject.org/core/internal/api/service_type.go:118.16,121.3 2 0
fulcrumproject.org/core/internal/api/service_type.go:123.2,123.55 1 0
fulcrumproject.org/core/internal/api/service_type.go:123.55,124.32 1 0
fulcrumproject.org/core/internal/api/service_type.go:124.32,127.4 2 0
fulcrumproject.org/core/internal/api/service_type.go:128.3,129.9 2 0
fulcrumproject.org/core/internal/api/service_type.go:132.2,132.37 1 0
fulcrumproject.org/core/internal/api/service_type.go:135.75,137.16 2 0
fulcrumproject.org/core/internal/api/service_type.go:137.16,140.3 2 0
fulcrumproject.org/core/internal/api/service_type.go:142.2,142.41 1 0
fulcrumproject.org/core/internal/api/service_type.go:145.86,147.16 2 0
fulcrumproject.org/core/internal/api/service_type.go:147.16,150.3 2 0
fulcrumproject.org/core/internal/api/service_type.go:152.2,153.16 2 0
fulcrumproject.org/core/internal/api/service_type.go:153.16,156.3 2 0
fulcrumproject.org/core/internal/api/service_type.go:158.2,158.41 1 0
fulcrumproject.org/core/internal/api/service_type.go:161.96,163.16 2 0
fulcrumproject.org/core/internal/api/service_type.go:163.16,166.3 2 0
fulcrumproject.org/core/internal/api/service_type.go:168.2,172.63 2 0
fulcrumproject.org/core/internal/api/service_type.go:172.63,175.3 2 0
fulcrumproject.org/core/internal/api/service_type.go:177.2,177.101 1 0
fulcrumproject.org/core/internal/api/service_type.go:177.101,178.32 1 0
fulcrumproject.org/core/internal/api/service_type.go:178.32,181.4 2 0
fulcrumproject.org/core/internal/api/service_type.go:182.3,183.9 2 0
fulcrumproject.org/core/internal/api/service_type.go:186.2,186.30 1 0
fulcrumproject.org/core/internal/api/utils.go:11.47,13.16 2 0
fulcrumproject.org/core/internal/api/utils.go:13.16,15.3 1 0
fulcrumproject.org/core/internal/api/utils.go:16.2,16.16 1 0
fulcrumproject.org/core/internal/domain/agent.go:29.36,30.11 1 1
fulcrumproject.org/core/internal/domain/agent.go:31.78,32.14 1 1
fulcrumproject.org/core/internal/domain/agent.go:33.10,34.15 1 1
fulcrumproject.org/core/internal/domain/agent.go:54.127,55.43 1 1
fulcrumproject.org/core/internal/domain/agent.go:55.43,57.3 1 1
fulcrumproject.org/core/internal/domain/agent.go:58.2,58.57 1 1
fulcrumproject.org/core/internal/domain/agent.go:58.57,60.3 1 1
fulcrumproject.org/core/internal/domain/agent.go:61.2,61.55 1 1
fulcrumproject.org/core/internal/domain/agent.go:61.55,63.3 1 1
fulcrumproject.org/core/internal/domain/agent.go:64.2,64.49 1 1
fulcrumproject.org/core/internal/domain/agent.go:64.49,66.3 1 1
fulcrumproject.org/core/internal/domain/agent.go:67.2,67.49 1 1
fulcrumproject.org/core/internal/domain/agent.go:67.49,69.3 1 1
fulcrumproject.org/core/internal/domain/agent.go:70.2,70.50 1 1
fulcrumproject.org/core/internal/domain/agent.go:70.50,72.3 1 1
fulcrumproject.org/core/internal/domain/agent.go:74.2,75.16 2 1
fulcrumproject.org/core/internal/domain/agent.go:75.16,77.3 1 0
fulcrumproject.org/core/internal/domain/agent.go:79.2,80.16 2 1
fulcrumproject.org/core/internal/domain/agent.go:80.16,82.3 1 0
fulcrumproject.org/core/internal/domain/agent.go:84.2,92.8 1 1
fulcrumproject.org/core/internal/domain/agent.go:96.34,97.45 1 1
fulcrumproject.org/core/internal/domain/agent.go:97.45,99.3 1 1
fulcrumproject.org/core/internal/domain/agent.go:100.2,100.59 1 1
fulcrumproject.org/core/internal/domain/agent.go:100.59,102.3 1 1
fulcrumproject.org/core/internal/domain/agent.go:103.2,103.24 1 1
fulcrumproject.org/core/internal/domain/agent.go:103.24,105.3 1 1
fulcrumproject.org/core/internal/domain/agent.go:106.2,106.51 1 1
fulcrumproject.org/core/internal/domain/agent.go:106.51,108.3 1 1
fulcrumproject.org/core/internal/domain/agent.go:109.2,109.52 1 1
fulcrumproject.org/core/internal/domain/agent.go:109.52,111.3 1 1
fulcrumproject.org/core/internal/domain/agent.go:112.2,112.12 1 1
fulcrumproject.org/core/internal/domain/agent.go:116.53,118.2 1 1
fulcrumproject.org/core/internal/domain/agent.go:121.47,123.2 1 1
fulcrumproject.org/core/internal/domain/agent.go:126.56,127.25 1 1
fulcrumproject.org/core/internal/domain/agent.go:127.25,129.3 1 1
fulcrumproject.org/core/internal/domain/agent.go:132.2,133.12 2 1
fulcrumproject.org/core/internal/domain/agent.go:137.33,139.2 1 0
fulcrumproject.org/core/internal/domain/agent_type.go:15.52,16.43 1 1
fulcrumproject.org/core/internal/domain/agent_type.go:16.43,18.3 1 1
fulcrumproject.org/core/internal/domain/agent_type.go:20.2,22.8 1 1
fulcrumproject.org/core/internal/domain/agent_type.go:26.39,27.46 1 1
fulcrumproject.org/core/internal/domain/agent_type.go:27.46,29.3 1 1
fulcrumproject.org/core/internal/domain/agent_type.go:30.2,30.12 1 1
fulcrumproject.org/core/internal/domain/agent_type.go:34.69,35.24 1 1
fulcrumproject.org/core/internal/domain/agent_type.go:35.24,37.3 1 1
fulcrumproject.org/core/internal/domain/agent_type.go:38.2,39.12 2 1
fulcrumproject.org/core/internal/domain/agent_type.go:43.66,44.37 1 1
fulcrumproject.org/core/internal/domain/agent_type.go:44.37,45.29 1 1
fulcrumproject.org/core/internal/domain/agent_type.go:45.29,48.4 2 1
fulcrumproject.org/core/internal/domain/agent_type.go:50.2,50.45 1 1
fulcrumproject.org/core/internal/domain/agent_type.go:54.62,55.37 1 1
fulcrumproject.org/core/internal/domain/agent_type.go:55.37,56.29 1 1
fulcrumproject.org/core/internal/domain/agent_type.go:56.29,58.4 1 1
fulcrumproject.org/core/internal/domain/agent_type.go:60.2,60.14 1 1
fulcrumproject.org/core/internal/domain/agent_type.go:64.37,66.2 1 0
fulcrumproject.org/core/internal/domain/provider.go:23.39,24.11 1 1
fulcrumproject.org/core/internal/domain/provider.go:25.41,26.14 1 1
fulcrumproject.org/core/internal/domain/provider.go:27.10,28.15 1 1
fulcrumproject.org/core/internal/domain/provider.go:43.86,44.43 1 1
fulcrumproject.org/core/internal/domain/provider.go:44.43,46.3 1 1
fulcrumproject.org/core/internal/domain/provider.go:47.2,47.57 1 1
fulcrumproject.org/core/internal/domain/provider.go:47.57,49.3 1 1
fulcrumproject.org/core/internal/domain/provider.go:50.2,50.55 1 1
fulcrumproject.org/core/internal/domain/provider.go:50.55,52.3 1 1
fulcrumproject.org/core/internal/domain/provider.go:54.2,55.16 2 1
fulcrumproject.org/core/internal/domain/provider.go:55.16,57.3 1 0
fulcrumproject.org/core/internal/domain/provider.go:59.2,64.8 1 1
fulcrumproject.org/core/internal/domain/provider.go:68.37,69.45 1 1
fulcrumproject.org/core/internal/domain/provider.go:69.45,71.3 1 1
fulcrumproject.org/core/internal/domain/provider.go:72.2,72.59 1 1
fulcrumproject.org/core/internal/domain/provider.go:72.59,74.3 1 1
fulcrumproject.org/core/internal/domain/provider.go:75.2,75.24 1 1
fulcrumproject.org/core/internal/domain/provider.go:75.24,77.3 1 1
fulcrumproject.org/core/internal/domain/provider.go:78.2,78.12 1 1
fulcrumproject.org/core/internal/domain/provider.go:82.56,84.2 1 1
fulcrumproject.org/core/internal/domain/provider.go:87.35,88.32 1 1
fulcrumproject.org/core/internal/domain/provider.go:88.32,90.3 1 1
fulcrumproject.org/core/internal/domain/provider.go:91.2,92.12 2 1
fulcrumproject.org/core/internal/domain/provider.go:96.36,97.33 1 1
fulcrumproject.org/core/internal/domain/provider.go:97.33,99.3 1 1
fulcrumproject.org/core/internal/domain/provider.go:100.2,101.12 2 1
fulcrumproject.org/core/internal/domain/provider.go:105.49,106.18 1 1
fulcrumproject.org/core/internal/domain/provider.go:106.18,108.3 1 0
fulcrumproject.org/core/internal/domain/provider.go:109.2,109.30 1 1
fulcrumproject.org/core/internal/domain/provider.go:109.30,111.3 1 0
fulcrumproject.org/core/internal/domain/provider.go:112.2,113.12 2 1
fulcrumproject.org/core/internal/domain/provider.go:117.52,118.33 1 1
fulcrumproject.org/core/internal/domain/provider.go:118.33,119.26 1 1
fulcrumproject.org/core/internal/domain/provider.go:119.26,122.4 2 1
fulcrumproject.org/core/internal/domain/provider.go:124.2,124.38 1 0
fulcrumproject.org/core/internal/domain/provider.go:128.59,129.33 1 1
fulcrumproject.org/core/internal/domain/provider.go:129.33,130.26 1 1
fulcrumproject.org/core/internal/domain/provider.go:130.26,132.4 1 1
fulcrumproject.org/core/internal/domain/provider.go:134.2,134.43 1 1
fulcrumproject.org/core/internal/domain/provider.go:138.36,140.2 1 0
fulcrumproject.org/core/internal/domain/service_type.go:12.82,13.43 1 1
fulcrumproject.org/core/internal/domain/service_type.go:13.43,15.3 1 1
fulcrumproject.org/core/internal/domain/service_type.go:16.2,16.58 1 1
fulcrumproject.org/core/internal/domain/service_type.go:16.58,18.3 1 1
fulcrumproject.org/core/internal/domain/service_type.go:20.2,21.16 2 1
fulcrumproject.org/core/internal/domain/service_type.go:21.16,23.3 1 0
fulcrumproject.org/core/internal/domain/service_type.go:25.2,28.8 1 1
fulcrumproject.org/core/internal/domain/service_type.go:32.41,33.46 1 1
fulcrumproject.org/core/internal/domain/service_type.go:33.46,35.3 1 1
fulcrumproject.org/core/internal/domain/service_type.go:36.2,36.12 1 1
fulcrumproject.org/core/internal/domain/service_type.go:40.63,42.2 1 1
fulcrumproject.org/core/internal/domain/service_type.go:45.74,46.50 1 1
fulcrumproject.org/core/internal/domain/service_type.go:46.50,48.3 1 1
fulcrumproject.org/core/internal/domain/service_type.go:50.2,51.16 2 1
fulcrumproject.org/core/internal/domain/service_type.go:51.16,53.3 1 0
fulcrumproject.org/core/internal/domain/service_type.go:55.2,56.12 2 1
fulcrumproject.org/core/internal/domain/service_type.go:60.39,62.2 1 0
fulcrumproject.org/core/internal/domain/types.go:38.54,39.22 1 1
fulcrumproject.org/core/internal/domain/types.go:39.22,41.3 1 1
fulcrumproject.org/core/internal/domain/types.go:42.2,42.12 1 1
fulcrumproject.org/core/internal/domain/types.go:46.51,48.2 1 1
fulcrumproject.org/core/internal/domain/types.go:51.55,53.49 2 1
fulcrumproject.org/core/internal/domain/types.go:53.49,55.3 1 0
fulcrumproject.org/core/internal/domain/types.go:56.2,57.12 2 1
fulcrumproject.org/core/internal/domain/types.go:61.64,63.16 2 1
fulcrumproject.org/core/internal/domain/types.go:63.16,65.3 1 0
fulcrumproject.org/core/internal/domain/types.go:66.2,66.50 1 1
fulcrumproject.org/core/internal/domain/types.go:70.61,72.59 2 1
fulcrumproject.org/core/internal/domain/types.go:72.59,74.3 1 0
fulcrumproject.org/core/internal/domain/types.go:75.2,75.19 1 1
fulcrumproject.org/core/internal/domain/types.go:79.46,81.16 2 1
fulcrumproject.org/core/internal/domain/types.go:81.16,83.3 1 0
fulcrumproject.org/core/internal/domain/types.go:84.2,84.44 1 1
fulcrumproject.org/core/internal/domain/types.go:88.43,90.55 2 1
fulcrumproject.org/core/internal/domain/types.go:90.55,92.3 1 0
fulcrumproject.org/core/internal/domain/types.go:93.2,93.15 1 1
fulcrumproject.org/core/internal/domain/types.go:97.55,99.2 1 0
fulcrumproject.org/core/internal/domain/types.go:102.57,104.2 1 0
fulcrumproject.org/core/internal/domain/types.go:107.49,109.2 1 0
fulcrumproject.org/core/internal/domain/types.go:112.51,114.2 1 0
fulcrumproject.org/core/internal/domain/validation.go:21.34,22.20 1 1
fulcrumproject.org/core/internal/domain/validation.go:22.20,24.3 1 1
fulcrumproject.org/core/internal/domain/validation.go:25.2,25.12 1 1
fulcrumproject.org/core/internal/domain/validation.go:29.38,30.16 1 1
fulcrumproject.org/core/internal/domain/validation.go:30.16,32.3 1 1
fulcrumproject.org/core/internal/domain/validation.go:33.2,33.12 1 1
fulcrumproject.org/core/internal/domain/validation.go:37.45,38.41 1 1
fulcrumproject.org/core/internal/domain/validation.go:38.41,40.3 1 1
fulcrumproject.org/core/internal/domain/validation.go:41.2,41.12 1 1
fulcrumproject.org/core/internal/domain/validation.go:45.49,46.18 1 1
fulcrumproject.org/core/internal/domain/validation.go:46.18,48.3 1 1
fulcrumproject.org/core/internal/domain/validation.go:50.2,50.33 1 1
fulcrumproject.org/core/internal/domain/validation.go:50.33,51.16 1 1
fulcrumproject.org/core/internal/domain/validation.go:51.16,53.4 1 1
fulcrumproject.org/core/internal/domain/validation.go:54.3,54.20 1 1
fulcrumproject.org/core/internal/domain/validation.go:54.20,56.4 1 1
fulcrumproject.org/core/internal/domain/validation.go:58.2,58.12 1 1
fulcrumproject.org/core/internal/domain/validation.go:62.33,63.14 1 1
fulcrumproject.org/core/internal/domain/validation.go:63.14,65.3 1 1
fulcrumproject.org/core/internal/domain/validation.go:67.2,67.21 1 1
fulcrumproject.org/core/internal/domain/validation.go:67.21,68.16 1 1
fulcrumproject.org/core/internal/domain/validation.go:68.16,70.4 1 1
fulcrumproject.org/core/internal/domain/validation.go:72.2,72.12 1 1
fulcrumproject.org/core/internal/database/agent_repository.go:17.61,19.2 1 1
fulcrumproject.org/core/internal/database/agent_repository.go:21.82,22.41 1 1
fulcrumproject.org/core/internal/database/agent_repository.go:22.41,24.3 1 0
fulcrumproject.org/core/internal/database/agent_repository.go:26.2,27.25 2 1
fulcrumproject.org/core/internal/database/agent_repository.go:27.25,29.3 1 0
fulcrumproject.org/core/internal/database/agent_repository.go:31.2,31.12 1 1
fulcrumproject.org/core/internal/database/agent_repository.go:34.82,35.41 1 1
fulcrumproject.org/core/internal/database/agent_repository.go:35.41,37.3 1 0
fulcrumproject.org/core/internal/database/agent_repository.go:40.2,41.13 2 1
fulcrumproject.org/core/internal/database/agent_repository.go:41.13,43.3 1 1
fulcrumproject.org/core/internal/database/agent_repository.go:45.2,46.25 2 1
fulcrumproject.org/core/internal/database/agent_repository.go:46.25,48.3 1 0
fulcrumproject.org/core/internal/database/agent_repository.go:50.2,50.12 1 1
fulcrumproject.org/core/internal/database/agent_repository.go:53.77,56.13 2 1
fulcrumproject.org/core/internal/database/agent_repository.go:56.13,58.3 1 1
fulcrumproject.org/core/internal/database/agent_repository.go:60.2,61.25 2 1
fulcrumproject.org/core/internal/database/agent_repository.go:61.25,63.3 1 0
fulcrumproject.org/core/internal/database/agent_repository.go:65.2,65.12 1 1
fulcrumproject.org/core/internal/database/agent_repository.go:68.96,71.16 3 1
fulcrumproject.org/core/internal/database/agent_repository.go:71.16,72.45 1 1
fulcrumproject.org/core/internal/database/agent_repository.go:72.45,74.4 1 1
fulcrumproject.org/core/internal/database/agent_repository.go:75.3,75.18 1 0
fulcrumproject.org/core/internal/database/agent_repository.go:78.2,78.20 1 1
fulcrumproject.org/core/internal/database/agent_repository.go:81.109,85.34 3 1
fulcrumproject.org/core/internal/database/agent_repository.go:85.34,87.3 1 1
fulcrumproject.org/core/internal/database/agent_repository.go:89.2,89.50 1 1
fulcrumproject.org/core/internal/database/agent_repository.go:89.50,91.3 1 0
fulcrumproject.org/core/internal/database/agent_repository.go:93.2,93.20 1 1
fulcrumproject.org/core/internal/database/agent_repository.go:96.111,102.16 3 1
fulcrumproject.org/core/internal/database/agent_repository.go:102.16,104.3 1 0
fulcrumproject.org/core/internal/database/agent_repository.go:106.2,106.20 1 1
fulcrumproject.org/core/internal/database/agent_repository.go:109.113,115.16 3 1
fulcrumproject.org/core/internal/database/agent_repository.go:115.16,117.3 1 0
fulcrumproject.org/core/internal/database/agent_repository.go:119.2,119.20 1 1
fulcrumproject.org/core/internal/database/agent_repository.go:122.107,125.13 2 1
fulcrumproject.org/core/internal/database/agent_repository.go:125.13,127.3 1 1
fulcrumproject.org/core/internal/database/agent_repository.go:129.2,136.25 2 1
fulcrumproject.org/core/internal/database/agent_repository.go:136.25,138.3 1 0
fulcrumproject.org/core/internal/database/agent_repository.go:140.2,140.12 1 1
fulcrumproject.org/core/internal/database/agent_type_repository.go:17.69,19.2 1 1
fulcrumproject.org/core/internal/database/agent_type_repository.go:21.94,22.45 1 1
fulcrumproject.org/core/internal/database/agent_type_repository.go:22.45,24.3 1 0
fulcrumproject.org/core/internal/database/agent_type_repository.go:26.2,27.25 2 1
fulcrumproject.org/core/internal/database/agent_type_repository.go:27.25,29.3 1 0
fulcrumproject.org/core/internal/database/agent_type_repository.go:31.2,31.12 1 1
fulcrumproject.org/core/internal/database/agent_type_repository.go:34.94,35.45 1 1
fulcrumproject.org/core/internal/database/agent_type_repository.go:35.45,37.3 1 0
fulcrumproject.org/core/internal/database/agent_type_repository.go:40.2,41.13 2 1
fulcrumproject.org/core/internal/database/agent_type_repository.go:41.13,43.3 1 1
fulcrumproject.org/core/internal/database/agent_type_repository.go:45.2,46.25 2 1
fulcrumproject.org/core/internal/database/agent_type_repository.go:46.25,48.3 1 0
fulcrumproject.org/core/internal/database/agent_type_repository.go:50.2,50.12 1 1
fulcrumproject.org/core/internal/database/agent_type_repository.go:53.81,56.13 2 1
fulcrumproject.org/core/internal/database/agent_type_repository.go:56.13,58.3 1 1
fulcrumproject.org/core/internal/database/agent_type_repository.go:60.2,61.25 2 1
fulcrumproject.org/core/internal/database/agent_type_repository.go:61.25,63.3 1 0
fulcrumproject.org/core/internal/database/agent_type_repository.go:65.2,65.12 1 1
fulcrumproject.org/core/internal/database/agent_type_repository.go:68.104,71.16 3 1
fulcrumproject.org/core/internal/database/agent_type_repository.go:71.16,72.45 1 1
fulcrumproject.org/core/internal/database/agent_type_repository.go:72.45,74.4 1 1
fulcrumproject.org/core/internal/database/agent_type_repository.go:75.3,75.18 1 0
fulcrumproject.org/core/internal/database/agent_type_repository.go:78.2,78.24 1 1
fulcrumproject.org/core/internal/database/agent_type_repository.go:81.117,85.34 3 1
fulcrumproject.org/core/internal/database/agent_type_repository.go:85.34,87.3 1 1
fulcrumproject.org/core/internal/database/agent_type_repository.go:89.2,89.54 1 1
fulcrumproject.org/core/internal/database/agent_type_repository.go:89.54,91.3 1 0
fulcrumproject.org/core/internal/database/agent_type_repository.go:93.2,93.24 1 1
fulcrumproject.org/core/internal/database/agent_type_repository.go:96.125,103.16 3 1
fulcrumproject.org/core/internal/database/agent_type_repository.go:103.16,105.3 1 0
fulcrumproject.org/core/internal/database/agent_type_repository.go:107.2,107.24 1 1
fulcrumproject.org/core/internal/database/agent_type_repository.go:110.113,113.13 2 1
fulcrumproject.org/core/internal/database/agent_type_repository.go:113.13,115.3 1 1
fulcrumproject.org/core/internal/database/agent_type_repository.go:118.2,119.13 2 1
fulcrumproject.org/core/internal/database/agent_type_repository.go:119.13,121.3 1 0
fulcrumproject.org/core/internal/database/agent_type_repository.go:123.2,127.25 2 1
fulcrumproject.org/core/internal/database/agent_type_repository.go:127.25,129.3 1 0
fulcrumproject.org/core/internal/database/agent_type_repository.go:131.2,131.12 1 1
fulcrumproject.org/core/internal/database/agent_type_repository.go:134.116,137.13 2 1
fulcrumproject.org/core/internal/database/agent_type_repository.go:137.13,139.3 1 1
fulcrumproject.org/core/internal/database/agent_type_repository.go:141.2,145.25 2 1
fulcrumproject.org/core/internal/database/agent_type_repository.go:145.25,147.3 1 0
fulcrumproject.org/core/internal/database/agent_type_repository.go:149.2,149.12 1 1
fulcrumproject.org/core/internal/database/postgres.go:25.33,34.2 1 0
fulcrumproject.org/core/internal/database/postgres.go:37.31,42.2 1 1
fulcrumproject.org/core/internal/database/postgres.go:45.83,47.15 2 0
fulcrumproject.org/core/internal/database/postgres.go:48.16,49.23 1 0
fulcrumproject.org/core/internal/database/postgres.go:50.15,51.22 1 0
fulcrumproject.org/core/internal/database/postgres.go:52.14,53.21 1 0
fulcrumproject.org/core/internal/database/postgres.go:54.14,55.21 1 0
fulcrumproject.org/core/internal/database/postgres.go:56.10,57.22 1 0
fulcrumproject.org/core/internal/database/postgres.go:62.54,68.16 2 1
fulcrumproject.org/core/internal/database/postgres.go:68.16,70.3 1 0
fulcrumproject.org/core/internal/database/postgres.go:73.2,76.40 2 1
fulcrumproject.org/core/internal/database/postgres.go:76.40,78.3 1 0
fulcrumproject.org/core/internal/database/postgres.go:80.2,80.16 1 1
fulcrumproject.org/core/internal/database/postgres.go:84.37,91.2 1 1
fulcrumproject.org/core/internal/database/postgres.go:93.55,94.42 1 1
fulcrumproject.org/core/internal/database/postgres.go:94.42,96.3 1 0
fulcrumproject.org/core/internal/database/postgres.go:97.2,97.21 1 1
fulcrumproject.org/core/internal/database/provider_repository.go:17.67,19.2 1 1
fulcrumproject.org/core/internal/database/provider_repository.go:21.91,22.44 1 1
fulcrumproject.org/core/internal/database/provider_repository.go:22.44,24.3 1 0
fulcrumproject.org/core/internal/database/provider_repository.go:26.2,27.25 2 1
fulcrumproject.org/core/internal/database/provider_repository.go:27.25,29.3 1 0
fulcrumproject.org/core/internal/database/provider_repository.go:31.2,31.12 1 1
fulcrumproject.org/core/internal/database/provider_repository.go:34.91,37.13 2 1
fulcrumproject.org/core/internal/database/provider_repository.go:37.13,39.3 1 1
fulcrumproject.org/core/internal/database/provider_repository.go:41.2,41.44 1 1
fulcrumproject.org/core/internal/database/provider_repository.go:41.44,43.3 1 0
fulcrumproject.org/core/internal/database/provider_repository.go:45.2,46.25 2 1
fulcrumproject.org/core/internal/database/provider_repository.go:46.25,48.3 1 0
fulcrumproject.org/core/internal/database/provider_repository.go:50.2,50.12 1 1
fulcrumproject.org/core/internal/database/provider_repository.go:53.80,56.13 2 1
fulcrumproject.org/core/internal/database/provider_repository.go:56.13,58.3 1 1
fulcrumproject.org/core/internal/database/provider_repository.go:60.2,61.25 2 1
fulcrumproject.org/core/internal/database/provider_repository.go:61.25,63.3 1 0
fulcrumproject.org/core/internal/database/provider_repository.go:65.2,65.12 1 1
fulcrumproject.org/core/internal/database/provider_repository.go:68.102,71.16 3 1
fulcrumproject.org/core/internal/database/provider_repository.go:71.16,72.45 1 1
fulcrumproject.org/core/internal/database/provider_repository.go:72.45,74.4 1 1
fulcrumproject.org/core/internal/database/provider_repository.go:75.3,75.18 1 0
fulcrumproject.org/core/internal/database/provider_repository.go:78.2,78.23 1 1
fulcrumproject.org/core/internal/database/provider_repository.go:81.115,85.34 3 1
fulcrumproject.org/core/internal/database/provider_repository.go:85.34,87.3 1 1
fulcrumproject.org/core/internal/database/provider_repository.go:89.2,89.53 1 1
fulcrumproject.org/core/internal/database/provider_repository.go:89.53,91.3 1 0
fulcrumproject.org/core/internal/database/provider_repository.go:93.2,93.23 1 1
fulcrumproject.org/core/internal/database/provider_repository.go:96.116,102.16 3 1
fulcrumproject.org/core/internal/database/provider_repository.go:102.16,104.3 1 0
fulcrumproject.org/core/internal/database/provider_repository.go:106.2,106.23 1 1
fulcrumproject.org/core/internal/database/provider_repository.go:109.113,112.13 2 1
fulcrumproject.org/core/internal/database/provider_repository.go:112.13,114.3 1 1
fulcrumproject.org/core/internal/database/provider_repository.go:116.2,123.25 2 1
fulcrumproject.org/core/internal/database/provider_repository.go:123.25,125.3 1 0
fulcrumproject.org/core/internal/database/provider_repository.go:127.2,127.12 1 1
fulcrumproject.org/core/internal/database/service_type_repository.go:17.73,19.2 1 1
fulcrumproject.org/core/internal/database/service_type_repository.go:21.100,22.47 1 1
fulcrumproject.org/core/internal/database/service_type_repository.go:22.47,24.3 1 0
fulcrumproject.org/core/internal/database/service_type_repository.go:26.2,27.25 2 1
fulcrumproject.org/core/internal/database/service_type_repository.go:27.25,29.3 1 0
fulcrumproject.org/core/internal/database/service_type_repository.go:31.2,31.12 1 1
fulcrumproject.org/core/internal/database/service_type_repository.go:34.100,35.47 1 1
fulcrumproject.org/core/internal/database/service_type_repository.go:35.47,37.3 1 0
fulcrumproject.org/core/internal/database/service_type_repository.go:40.2,41.13 2 1
fulcrumproject.org/core/internal/database/service_type_repository.go:41.13,43.3 1 1
fulcrumproject.org/core/internal/database/service_type_repository.go:45.2,46.25 2 1
fulcrumproject.org/core/internal/database/service_type_repository.go:46.25,48.3 1 0
fulcrumproject.org/core/internal/database/service_type_repository.go:50.2,50.12 1 1
fulcrumproject.org/core/internal/database/service_type_repository.go:53.83,56.13 2 1
fulcrumproject.org/core/internal/database/service_type_repository.go:56.13,58.3 1 1
fulcrumproject.org/core/internal/database/service_type_repository.go:60.2,61.25 2 1
fulcrumproject.org/core/internal/database/service_type_repository.go:61.25,63.3 1 0
fulcrumproject.org/core/internal/database/service_type_repository.go:65.2,65.12 1 1
fulcrumproject.org/core/internal/database/service_type_repository.go:68.108,71.16 3 1
fulcrumproject.org/core/internal/database/service_type_repository.go:71.16,72.45 1 1
fulcrumproject.org/core/internal/database/service_type_repository.go:72.45,74.4 1 1
fulcrumproject.org/core/internal/database/service_type_repository.go:75.3,75.18 1 0
fulcrumproject.org/core/internal/database/service_type_repository.go:78.2,78.26 1 1
fulcrumproject.org/core/internal/database/service_type_repository.go:81.121,85.34 3 1
fulcrumproject.org/core/internal/database/service_type_repository.go:85.34,87.3 1 1
fulcrumproject.org/core/internal/database/service_type_repository.go:89.2,89.56 1 1
fulcrumproject.org/core/internal/database/service_type_repository.go:89.56,91.3 1 0
fulcrumproject.org/core/internal/database/service_type_repository.go:93.2,93.26 1 1
fulcrumproject.org/core/internal/database/service_type_repository.go:96.125,103.16 3 1
fulcrumproject.org/core/internal/database/service_type_repository.go:103.16,105.3 1 0
fulcrumproject.org/core/internal/database/service_type_repository.go:107.2,107.26 1 1
fulcrumproject.org/core/internal/database/service_type_repository.go:110.127,113.13 2 1
fulcrumproject.org/core/internal/database/service_type_repository.go:113.13,115.3 1 1
fulcrumproject.org/core/internal/database/service_type_repository.go:118.2,125.25 2 1
fulcrumproject.org/core/internal/database/service_type_repository.go:125.25,127.3 1 0
fulcrumproject.org/core/internal/database/service_type_repository.go:129.2,129.12 1 1
fulcrumproject.org/core/internal/database/testing.go:19.38,34.16 6 1
fulcrumproject.org/core/internal/database/testing.go:34.16,36.3 1 0
fulcrumproject.org/core/internal/database/testing.go:39.2,40.48 2 1
fulcrumproject.org/core/internal/database/testing.go:40.48,42.3 1 0
fulcrumproject.org/core/internal/database/testing.go:44.2,45.48 2 1
fulcrumproject.org/core/internal/database/testing.go:45.48,47.3 1 0
fulcrumproject.org/core/internal/database/testing.go:50.2,51.16 2 1
fulcrumproject.org/core/internal/database/testing.go:51.16,53.3 1 0
fulcrumproject.org/core/internal/database/testing.go:55.2,58.3 1 1
fulcrumproject.org/core/internal/database/testing.go:62.42,64.16 2 1
fulcrumproject.org/core/internal/database/testing.go:64.16,67.3 2 0
fulcrumproject.org/core/internal/database/testing.go:70.2,70.38 1 1
fulcrumproject.org/core/internal/database/testing.go:70.38,73.3 2 0
fulcrumproject.org/core/internal/database/testing.go:76.2,85.16 3 1
fulcrumproject.org/core/internal/database/testing.go:85.16,88.3 2 0
fulcrumproject.org/core/internal/database/testing.go:91.2,98.48 2 1
fulcrumproject.org/core/internal/database/testing.go:98.48,100.3 1 0
fulcrumproject.org/core/internal/database/testing.go:103.2,104.48 2 1
fulcrumproject.org/core/internal/database/testing.go:104.48,106.3 1 0
fulcrumproject.org/core/internal/database/testing.go:110.49,119.31 2 1
fulcrumproject.org/core/internal/database/testing.go:119.31,120.92 1 1
fulcrumproject.org/core/internal/database/testing.go:120.92,122.4 1 0
fulcrumproject.org/core/internal/database/testing.go:127.97,129.21 2 1
fulcrumproject.org/core/internal/database/testing.go:129.21,131.3 1 0
fulcrumproject.org/core/internal/database/testing.go:133.2,133.15 1 1
fulcrumproject.org/core/internal/database/testing.go:133.15,134.31 1 1
fulcrumproject.org/core/internal/database/testing.go:134.31,137.4 2 0
fulcrumproject.org/core/internal/database/testing.go:140.2,141.36 2 1
fulcrumproject.org/core/internal/database/testing.go:141.36,144.3 2 0
fulcrumproject.org/core/internal/database/testing.go:146.2,146.42 1 1
fulcrumproject.org/core/internal/database/testing.go:146.42,148.3 1 0
